<?xml version="1.0" encoding="UTF-8"?>
<!-- Generated by org.testng.reporters.JUnitReportReporter -->
<testsuite hostname="sugantha" failures="0" tests="4" name="bankingTestNG.BankingTestNG" time="268.034" errors="0" timestamp="2021-09-18T20:30:43 IST" skipped="0">
  <testcase classname="bankingTestNG.BankingTestNG" name="testCase" time="91.903"/>
  <system-out/>
  <testcase classname="bankingTestNG.BankingTestNG" name="testCase" time="27.479"/>
  <system-out/>
  <testcase classname="bankingTestNG.BankingTestNG" name="testCase" time="94.531"/>
  <system-out/>
  <testcase classname="bankingTestNG.BankingTestNG" name="testCase" time="54.121"/>
  <system-out/>
</testsuite> <!-- bankingTestNG.BankingTestNG -->
